<?xml version="1.0" encoding="UTF-8"?>
<!-- Generated by org.testng.reporters.JUnitXMLReporter -->
<testsuite ignored="0" hostname="DESKTOP-6QCP0R9" failures="1" tests="2" name="Test" time="63.704" errors="0" timestamp="2023-07-22T17:55:00 IST">
  <testcase classname="Testlayer.GOIBIBOregisterusertest" name="validateGOIBIBORegisteruser" time="34.035"/>
  <testcase classname="Testlayer.GOIBIBOregisterusertest" name="validationnumber" time="0.008">
    <failure type="java.lang.AssertionError" message="expected [priti] but found [preeti]">
      <![CDATA[java.lang.AssertionError: expected [priti] but found [preeti]
at Testlayer.GOIBIBOregisterusertest.validationnumber(GOIBIBOregisterusertest.java:35)
at java.base/java.util.ArrayList.forEach(ArrayList.java:1541)
... Removed 33 stack frames]]>
    </failure>
  </testcase> <!-- validationnumber -->
</testsuite> <!-- Test -->
